<?xml version="1.0" encoding="UTF-8"?>
<!-- Generated by org.testng.reporters.JUnitXMLReporter -->
<testsuite ignored="1" hostname="LAPTOP-733KQGVP" failures="0" tests="1" name="Default test" time="63.028" errors="0" timestamp="2021-07-28T14:28:10 UYT">
  <testcase classname="testCases.Headers_Test" name="Story01_Test1" time="32.095"/>
  <testcase classname="testCases.Headers_Test" name="Story02_Test1" time="0.0">
    <ignored/>
  </testcase> <!-- Story02_Test1 -->
</testsuite> <!-- Default test -->
