<?xml version="1.0" encoding="UTF-8"?>
<testng-results ignored="1" total="2" passed="1" failed="0" skipped="0">
  <reporter-output>
  </reporter-output>
  <suite started-at="2021-07-28T14:27:07 UYT" name="Default suite" finished-at="2021-07-28T14:28:10 UYT" duration-ms="63028">
    <groups>
    </groups>
    <test started-at="2021-07-28T14:27:07 UYT" name="Default test" finished-at="2021-07-28T14:28:10 UYT" duration-ms="63028">
      <class name="testCases.Headers_Test">
        <test-method is-config="true" signature="initalize()[pri:0, instance:testCases.Headers_Test@54e1c68b]" started-at="2021-07-28T14:27:07 UYT" name="initalize" finished-at="2021-07-28T14:27:38 UYT" duration-ms="30616" status="PASS">
          <reporter-output>
          </reporter-output>
        </test-method> <!-- initalize -->
        <test-method signature="Story01_Test1()[pri:0, instance:testCases.Headers_Test@54e1c68b]" started-at="2021-07-28T14:27:38 UYT" name="Story01_Test1" description="Checking if the required fields are present under their correspondent titles in the New Header window. Assuring that the input fields are according to the expected." finished-at="2021-07-28T14:28:10 UYT" duration-ms="32095" status="PASS">
          <reporter-output>
          </reporter-output>
        </test-method> <!-- Story01_Test1 -->
        <test-method is-config="true" signature="tearDown()[pri:0, instance:testCases.Headers_Test@54e1c68b]" started-at="2021-07-28T14:28:10 UYT" name="tearDown" finished-at="2021-07-28T14:28:10 UYT" duration-ms="266" status="PASS">
          <reporter-output>
          </reporter-output>
        </test-method> <!-- tearDown -->
      </class> <!-- testCases.Headers_Test -->
    </test> <!-- Default test -->
  </suite> <!-- Default suite -->
</testng-results>
